<?xml version="1.0" encoding="UTF-8"?>
<testng-results skipped="0" failed="0" ignored="0" total="2" passed="2">
  <reporter-output>
  </reporter-output>
  <suite name="Command line suite" duration-ms="62" started-at="2021-06-10T16:31:10 IST" finished-at="2021-06-10T16:31:10 IST">
    <groups>
    </groups>
    <test name="Command line test" duration-ms="62" started-at="2021-06-10T16:31:10 IST" finished-at="2021-06-10T16:31:10 IST">
      <class name="mavenPract.JavaTest">
        <test-method status="PASS" signature="init()[pri:0, instance:mavenPract.JavaTest@5abca1e0]" name="init" duration-ms="5" started-at="2021-06-10T16:31:10 IST" finished-at="2021-06-10T16:31:10 IST">
          <reporter-output>
          </reporter-output>
        </test-method> <!-- init -->
      </class> <!-- mavenPract.JavaTest -->
      <class name="mavenPract.SeleniumTest">
        <test-method status="PASS" signature="login()[pri:0, instance:mavenPract.SeleniumTest@3e9b1010]" name="login" duration-ms="0" started-at="2021-06-10T16:31:10 IST" finished-at="2021-06-10T16:31:10 IST">
          <reporter-output>
          </reporter-output>
        </test-method> <!-- login -->
      </class> <!-- mavenPract.SeleniumTest -->
    </test> <!-- Command line test -->
  </suite> <!-- Command line suite -->
</testng-results>
